<?xml version="1.0" encoding="UTF-8"?>
<!-- Generated by org.testng.reporters.JUnitReportReporter -->
<testsuite hostname="DESKTOP-CL4KTUF" failures="0" tests="3" name="com.APILibrary.DynamicJson" time="7.215" errors="0" timestamp="2020-08-01T19:55:10 IST" skipped="0">
  <testcase classname="com.APILibrary.DynamicJson" name="addBook" time="0.150"/>
  <system-out/>
  <testcase classname="com.APILibrary.DynamicJson" name="addBook" time="0.133"/>
  <system-out/>
  <testcase classname="com.APILibrary.DynamicJson" name="addBook" time="6.932"/>
  <system-out/>
</testsuite> <!-- com.APILibrary.DynamicJson -->
