<?xml version="1.0" encoding="UTF-8"?>
<!-- Generated by org.testng.reporters.JUnitReportReporter -->
<testsuite hostname="DESKTOP-CL4KTUF" failures="0" tests="1" name="SumValidation" time="9.139" errors="0" timestamp="2020-07-31T18:47:04 IST" skipped="0">
  <testcase classname="SumValidation" name="sumofCourses" time="9.139"/>
  <system-out/>
</testsuite> <!-- SumValidation -->
