<?xml version="1.0" encoding="UTF-8"?>
<!-- Generated by org.testng.reporters.JUnitReportReporter -->
<testsuite hostname="DESKTOP-CL4KTUF" failures="0" tests="1" name="StaticJson" time="14.493" errors="0" timestamp="2020-08-05T10:45:06 IST" skipped="0">
  <testcase classname="StaticJson" name="addBook" time="14.493"/>
  <system-out/>
</testsuite> <!-- StaticJson -->
